DEBUG 2024-09-17 16:15:37.420 UTC: 	 CRAB Client version: v3.240621
DEBUG 2024-09-17 16:15:37.420 UTC: 	 Running on: Linux lxplus933.cern.ch 5.14.0-427.31.1.el9_4.x86_64 #1 SMP PREEMPT_DYNAMIC Fri Aug 9 14:06:03 EDT 2024 x86_64 x86_64 x86_64 GNU/Linux - Red Hat Enterprise Linux 9.4 (Plow)
DEBUG 2024-09-17 16:15:37.420 UTC: 	 Executing command: 'submit'
DEBUG 2024-09-17 16:15:37.420 UTC: 	 Found CRAB cache file /afs/cern.ch/user/f/fnenna/.crab3
INFO 2024-09-17 16:15:37.421 UTC: 	 Will use CRAB configuration file crab_DsPhiPi_reco2024_RunD_stream5_cfg.py
DEBUG 2024-09-17 16:15:37.421 UTC: 	 Loading CRAB configuration file.
DEBUG 2024-09-17 16:15:37.503 UTC: 	 Will use CRAB plugin ANALYSIS (i.e. will run an analysis job type).
DEBUG 2024-09-17 16:15:38.340 UTC: 	 Checking credentials
DEBUG 2024-09-17 16:15:38.340 UTC: 	 Found proxy file /tmp/x509up_u160683
DEBUG 2024-09-17 16:15:38.340 UTC: 	 Making sure it has proper VOMS extension
DEBUG 2024-09-17 16:15:38.340 UTC: 	 Executing command :
 voms-proxy-info --vo --file /tmp/x509up_u160683
DEBUG 2024-09-17 16:15:38.714 UTC: 	 output : cms

 error: 
 retcode : 0
DEBUG 2024-09-17 16:15:38.714 UTC: 	 Getting proxy life time left
DEBUG 2024-09-17 16:15:38.714 UTC: 	 Executing command :
 voms-proxy-info --actimeleft --timeleft --file /tmp/x509up_u160683
DEBUG 2024-09-17 16:15:39.101 UTC: 	 output : 691138
691138

 error: 
 retcode : 0
DEBUG 2024-09-17 16:15:39.101 UTC: 	 Proxy valid for 191:58:58 hours
DEBUG 2024-09-17 16:15:39.101 UTC: 	 Encoded data for curl request: subresource=delegatedn
DEBUG 2024-09-17 16:15:39.155 UTC: 	 Registering user credentials on myproxy for /DC=ch/DC=cern/OU=computers/CN=crab-(preprod|prod)-tw(01|02).cern.ch|/DC=ch/DC=cern/OU=computers/CN=crab-dev-tw(01|02|03|04).cern.ch|/DC=ch/DC=cern/OU=Organic Units/OU=Users/CN=cmscrab/CN=(817881|373708)/CN=Robot: cms crab|/DC=ch/DC=cern/OU=Organic Units/OU=Users/CN=crabint1/CN=373708/CN=Robot: CMS CRAB Integration 1
DEBUG 2024-09-17 16:15:39.156 UTC: 	 Executing command :
 voms-proxy-info --identity --file /tmp/x509up_u160683
DEBUG 2024-09-17 16:15:39.535 UTC: 	 output : /DC=ch/DC=cern/OU=Organic Units/OU=Users/CN=fnenna/CN=868185/CN=Felice Nenna

 error: 
 retcode : 0
DEBUG 2024-09-17 16:15:39.535 UTC: 	 Getting myproxy life time left for a133b326f2e83ec4c6fd8cd18786edfdbb69b415
DEBUG 2024-09-17 16:15:39.535 UTC: 	 Executing command :
 myproxy-info -s myproxy.cern.ch -l a133b326f2e83ec4c6fd8cd18786edfdbb69b415
DEBUG 2024-09-17 16:15:39.793 UTC: 	 output : username: a133b326f2e83ec4c6fd8cd18786edfdbb69b415
owner: /DC=ch/DC=cern/OU=Organic Units/OU=Users/CN=fnenna/CN=868185/CN=Felice Nenna
  renewal policy: /DC=ch/DC=cern/OU=computers/CN=crab-(preprod|prod)-tw(01|02).cern.ch|/DC=ch/DC=cern/OU=computers/CN=crab-dev-tw(01|02|03|04).cern.ch|/DC=ch/DC=cern/OU=Organic Units/OU=Users/CN=cmscrab/CN=(817881|373708)/CN=Robot: cms crab|/DC=ch/DC=cern/OU=Organic Units/OU=Users/CN=crabint1/CN=373708/CN=Robot: CMS CRAB Integration 1
  trusted retrieval policy: /DC=ch/DC=cern/OU=computers/CN=crab-(preprod|prod)-tw(01|02).cern.ch|/DC=ch/DC=cern/OU=computers/CN=crab-dev-tw(01|02|03|04).cern.ch|/DC=ch/DC=cern/OU=Organic Units/OU=Users/CN=cmscrab/CN=(817881|373708)/CN=Robot: cms crab|/DC=ch/DC=cern/OU=Organic Units/OU=Users/CN=crabint1/CN=373708/CN=Robot: CMS CRAB Integration 1
  timeleft: 718:58:58  (30.0 days)

 error: 
 retcode : 0
DEBUG 2024-09-17 16:15:39.793 UTC: 	 Myproxy is valid: 2588280
DEBUG 2024-09-17 16:15:39.793 UTC: 	 Result of myproxy credential check:
  Credential exists on myproxy: username: a133b326f2e83ec4c6fd8cd18786edfdbb69b415  - validity: 29 days, 22:58:00
DEBUG 2024-09-17 16:15:39.793 UTC: 	 Command use: submit
DEBUG 2024-09-17 16:15:39.793 UTC: 	 Options use: ['-c', 'crab_DsPhiPi_reco2024_RunD_stream5_cfg.py']
DEBUG 2024-09-17 16:15:39.793 UTC: 	 Encoded data for curl request: subresource=version
DEBUG 2024-09-17 16:15:39.852 UTC: 	 CRABClient version: v3.240621
DEBUG 2024-09-17 16:15:39.852 UTC: 	 Instance is prod
DEBUG 2024-09-17 16:15:39.852 UTC: 	 Server base url is cmsweb.cern.ch
DEBUG 2024-09-17 16:15:39.852 UTC: 	 Command api workflow
DEBUG 2024-09-17 16:15:39.853 UTC: 	 Started submission
DEBUG 2024-09-17 16:15:39.853 UTC: 	 Working on /eos/home-f/fnenna/tau3mu/CMSSW_14_0_12/src/CrabSubmission/Data_2024/SkimPhiPi/reco2024_RunD/crab_projects/crab_SkimDsPhiPi_2024eraD_stream5_Mini_v3
DEBUG 2024-09-17 16:15:39.853 UTC: 	 Encoded data for curl request: subresource=backendurls
DEBUG 2024-09-17 16:15:39.957 UTC: 	 Loading required information from the environment
DEBUG 2024-09-17 16:15:39.957 UTC: 	 Found CMSSW_14_0_12 for el9_amd64_gcc12 with base /eos/home-f/fnenna/tau3mu/CMSSW_14_0_12
DEBUG 2024-09-17 16:15:39.957 UTC: 	 Loading required information from the environment
DEBUG 2024-09-17 16:15:39.957 UTC: 	 Found CMSSW_14_0_12 for el9_amd64_gcc12 with base /eos/home-f/fnenna/tau3mu/CMSSW_14_0_12
DEBUG 2024-09-17 16:15:39.957 UTC: 	 UNIQUE NAME: tarUUID 15e13bd6-55cb-43a5-b879-5a2a79fc3ebc 
DEBUG 2024-09-17 16:15:39.957 UTC: 	 self.config: from WMCore.Configuration import Configuration
config = Configuration()
config.section_('General')
config.General.requestName = 'SkimDsPhiPi_2024eraD_stream5_Mini_v3'
config.General.transferOutputs = True
config.General.workArea = 'crab_projects'
config.General.transferLogs = False
config.section_('JobType')
config.JobType.allowUndistributedCMSSW = True
config.JobType.pluginName = 'Analysis'
config.JobType.psetName = '/eos/home-f/fnenna/tau3mu/CMSSW_14_0_12/src/SkimTools/SkimPhiPi/test/run_Data2024D_DsPhiPiSkimAndTree_cfg.py'
config.section_('Data')
config.Data.inputDataset = '/ParkingDoubleMuonLowMass5/Run2024D-PromptReco-v1/MINIAOD'
config.Data.outputDatasetTag = 'SkimDsPhiPi_2024eraD_stream5_Mini_v3'
config.Data.unitsPerJob = 50
config.Data.splitting = 'LumiBased'
config.Data.inputDBS = 'global'
config.Data.lumiMask = 'https://cms-service-dqmdc.web.cern.ch/CAF/certification/Collisions24/Cert_Collisions2024_eraD_Golden.json'
config.section_('Site')
config.Site.storageSite = 'T2_IT_Bari'
config.Site.ignoreGlobalBlacklist = True
config.section_('User')
config.section_('Debug')

DEBUG 2024-09-17 16:15:39.957 UTC: 	 self.config.JobType.psetName: /eos/home-f/fnenna/tau3mu/CMSSW_14_0_12/src/SkimTools/SkimPhiPi/test/run_Data2024D_DsPhiPiSkimAndTree_cfg.py
INFO 2024-09-17 16:15:39.957 UTC: 	 Importing CMSSW configuration /eos/home-f/fnenna/tau3mu/CMSSW_14_0_12/src/SkimTools/SkimPhiPi/test/run_Data2024D_DsPhiPiSkimAndTree_cfg.py
INFO 2024-09-17 16:15:40.789 UTC: 	 Finished importing CMSSW configuration /eos/home-f/fnenna/tau3mu/CMSSW_14_0_12/src/SkimTools/SkimPhiPi/test/run_Data2024D_DsPhiPiSkimAndTree_cfg.py
DEBUG 2024-09-17 16:15:40.789 UTC: 	 Writing CMSSW configuration to /eos/home-f/fnenna/tau3mu/CMSSW_14_0_12/src/CrabSubmission/Data_2024/SkimPhiPi/reco2024_RunD/crab_projects/crab_SkimDsPhiPi_2024eraD_stream5_Mini_v3/inputs/PSet.py
DEBUG 2024-09-17 16:15:40.876 UTC: 	 The following EDM output files will be collected: []
DEBUG 2024-09-17 16:15:40.876 UTC: 	 The following TFile output files will be collected: ['Tree_PhiPi.root']
DEBUG 2024-09-17 16:15:40.876 UTC: 	 The following user output files (not listed as PoolOuputModule or TFileService in the CMSSW PSet) will be collected: 
DEBUG 2024-09-17 16:15:40.876 UTC: 	 Loading required information from the environment
DEBUG 2024-09-17 16:15:40.876 UTC: 	 Found CMSSW_14_0_12 for el9_amd64_gcc12 with base /eos/home-f/fnenna/tau3mu/CMSSW_14_0_12
DEBUG 2024-09-17 16:15:40.876 UTC: 	 Making tarball in /eos/home-f/fnenna/tau3mu/CMSSW_14_0_12/src/CrabSubmission/Data_2024/SkimPhiPi/reco2024_RunD/crab_projects/crab_SkimDsPhiPi_2024eraD_stream5_Mini_v3/inputs/15e13bd6-55cb-43a5-b879-5a2a79fc3ebcdefault.tgz
DEBUG 2024-09-17 16:15:40.878 UTC: 	 Checking directory /eos/home-f/fnenna/tau3mu/CMSSW_14_0_12/bin
DEBUG 2024-09-17 16:15:40.878 UTC: 	 Adding directory /eos/home-f/fnenna/tau3mu/CMSSW_14_0_12/bin to tarball
DEBUG 2024-09-17 16:15:40.880 UTC: 	 Checking directory /eos/home-f/fnenna/tau3mu/CMSSW_14_0_12/python
DEBUG 2024-09-17 16:15:40.881 UTC: 	 Adding directory /eos/home-f/fnenna/tau3mu/CMSSW_14_0_12/python to tarball
DEBUG 2024-09-17 16:15:40.935 UTC: 	 Checking directory /eos/home-f/fnenna/tau3mu/CMSSW_14_0_12/cfipython
DEBUG 2024-09-17 16:15:40.935 UTC: 	 Adding directory /eos/home-f/fnenna/tau3mu/CMSSW_14_0_12/cfipython to tarball
DEBUG 2024-09-17 16:15:40.945 UTC: 	 Checking directory /eos/home-f/fnenna/tau3mu/CMSSW_14_0_12/lib
DEBUG 2024-09-17 16:15:40.946 UTC: 	 Adding directory /eos/home-f/fnenna/tau3mu/CMSSW_14_0_12/lib to tarball
DEBUG 2024-09-17 16:15:41.031 UTC: 	 Checking directory /eos/home-f/fnenna/tau3mu/CMSSW_14_0_12/biglib
DEBUG 2024-09-17 16:15:41.031 UTC: 	 Adding directory /eos/home-f/fnenna/tau3mu/CMSSW_14_0_12/biglib to tarball
DEBUG 2024-09-17 16:15:41.033 UTC: 	 Checking directory /eos/home-f/fnenna/tau3mu/CMSSW_14_0_12/module
DEBUG 2024-09-17 16:15:41.033 UTC: 	 Checking directory /eos/home-f/fnenna/tau3mu/CMSSW_14_0_12/config/SCRAM/hooks
DEBUG 2024-09-17 16:15:41.033 UTC: 	 Adding directory /eos/home-f/fnenna/tau3mu/CMSSW_14_0_12/config/SCRAM/hooks to tarball
DEBUG 2024-09-17 16:15:41.100 UTC: 	 Adding directory /eos/home-f/fnenna/tau3mu/CMSSW_14_0_12/src/Plugins/MiniAnaTau3Mu/python to tarball
DEBUG 2024-09-17 16:15:41.115 UTC: 	 Adding directory /eos/home-f/fnenna/tau3mu/CMSSW_14_0_12/src/Plugins/PFCandFilter/python to tarball
DEBUG 2024-09-17 16:15:41.121 UTC: 	 Adding directory /eos/home-f/fnenna/tau3mu/CMSSW_14_0_12/src/Plugins/RecoMuonAnalyzer/python to tarball
DEBUG 2024-09-17 16:15:41.135 UTC: 	 Adding directory /eos/home-f/fnenna/tau3mu/CMSSW_14_0_12/src/Plugins/SimpleEventCounter/python to tarball
DEBUG 2024-09-17 16:15:41.148 UTC: 	 Adding directory /eos/home-f/fnenna/tau3mu/CMSSW_14_0_12/src/Plugins/TrackFromCandProducer/python to tarball
DEBUG 2024-09-17 16:15:41.153 UTC: 	 Adding directory /eos/home-f/fnenna/tau3mu/CMSSW_14_0_12/src/SkimTools/SkimPhiMuNu/python to tarball
DEBUG 2024-09-17 16:15:41.158 UTC: 	 Adding directory /eos/home-f/fnenna/tau3mu/CMSSW_14_0_12/src/SkimTools/SkimPhiPi/python to tarball
DEBUG 2024-09-17 16:15:41.162 UTC: 	 Adding directory /eos/home-f/fnenna/tau3mu/CMSSW_14_0_12/src/SkimTools/SkimTau3Mu/python to tarball
DEBUG 2024-09-17 16:15:41.310 UTC: 	 Uploading archive /eos/home-f/fnenna/tau3mu/CMSSW_14_0_12/src/CrabSubmission/Data_2024/SkimPhiPi/reco2024_RunD/crab_projects/crab_SkimDsPhiPi_2024eraD_stream5_Mini_v3/inputs/15e13bd6-55cb-43a5-b879-5a2a79fc3ebcdefault.tgz (430 KB) to the CRAB cache. Using URI https://cmsweb.cern.ch/S3/crabcache_prod
DEBUG 2024-09-17 16:15:41.524 UTC: 	 Encoded data for curl request: subresource=upload&objecttype=sandbox&tarballname=08bb505fc3bdf845b93449356f7f5e6191c46065adf93d9dc1ff824961bc1f8a.tar.gz
DEBUG 2024-09-17 16:15:41.642 UTC: 	 sandbox 08bb505fc3bdf845b93449356f7f5e6191c46065adf93d9dc1ff824961bc1f8a.tar.gz is already in the S3 store, will not upload again
DEBUG 2024-09-17 16:15:41.642 UTC: 	 Loading required information from the environment
DEBUG 2024-09-17 16:15:41.643 UTC: 	 Found CMSSW_14_0_12 for el9_amd64_gcc12 with base /eos/home-f/fnenna/tau3mu/CMSSW_14_0_12
DEBUG 2024-09-17 16:15:41.643 UTC: 	 Making tarball in /eos/home-f/fnenna/tau3mu/CMSSW_14_0_12/src/CrabSubmission/Data_2024/SkimPhiPi/reco2024_RunD/crab_projects/crab_SkimDsPhiPi_2024eraD_stream5_Mini_v3/inputs/debugFiles.tgz
DEBUG 2024-09-17 16:15:41.653 UTC: 	 Uploading archive /eos/home-f/fnenna/tau3mu/CMSSW_14_0_12/src/CrabSubmission/Data_2024/SkimPhiPi/reco2024_RunD/crab_projects/crab_SkimDsPhiPi_2024eraD_stream5_Mini_v3/inputs/debugFiles.tgz (1 KB) to the CRAB cache. Using URI https://cmsweb.cern.ch/S3/crabcache_prod
DEBUG 2024-09-17 16:15:41.657 UTC: 	 Encoded data for curl request: subresource=upload&objecttype=sandbox&tarballname=0f9abc8ac6e665d761e8dd4c64c4ec1ebd740095199da5daf853d188ebb14213.tar.gz
DEBUG 2024-09-17 16:15:41.757 UTC: 	 Will execute:
curl -f -v -X POST  -H "User-Agent: CRAB" -F "key=fnenna/sandboxes/0f9abc8ac6e665d761e8dd4c64c4ec1ebd740095199da5daf853d188ebb14213.tar.gz" -F "AWSAccessKeyId=715203df6482458ba839e73e6dab634b" -F "policy=eyJleHBpcmF0aW9uIjogIjIwMjQtMDktMTdUMTc6MTU6NDFaIiwgImNvbmRpdGlvbnMiOiBbeyJidWNrZXQiOiAiY3JhYmNhY2hlX3Byb2QifSwgeyJrZXkiOiAiZm5lbm5hL3NhbmRib3hlcy8wZjlhYmM4YWM2ZTY2NWQ3NjFlOGRkNGM2NGM0ZWMxZWJkNzQwMDk1MTk5ZGE1ZGFmODUzZDE4OGViYjE0MjEzLnRhci5neiJ9XX0=" -F "signature=QLKeOpqpS509UEFCAEPEWdAPEJ8=" -F "file=@/eos/home-f/fnenna/tau3mu/CMSSW_14_0_12/src/CrabSubmission/Data_2024/SkimPhiPi/reco2024_RunD/crab_projects/crab_SkimDsPhiPi_2024eraD_stream5_Mini_v3/inputs/debugFiles.tgz" "https://s3.cern.ch/crabcache_prod"
DEBUG 2024-09-17 16:15:41.860 UTC: 	 exitcode: 0
stdout: b''
DEBUG 2024-09-17 16:15:41.860 UTC: 	 sandbox /eos/home-f/fnenna/tau3mu/CMSSW_14_0_12/src/CrabSubmission/Data_2024/SkimPhiPi/reco2024_RunD/crab_projects/crab_SkimDsPhiPi_2024eraD_stream5_Mini_v3/inputs/debugFiles.tgz successfully uploaded to S3
DEBUG 2024-09-17 16:15:41.861 UTC: 	 Result uploading input files: 08bb505fc3bdf845b93449356f7f5e6191c46065adf93d9dc1ff824961bc1f8a.tar.gz 
DEBUG 2024-09-17 16:15:41.861 UTC: 	 Attaching lumi mask https://cms-service-dqmdc.web.cern.ch/CAF/certification/Collisions24/Cert_Collisions2024_eraD_Golden.json to the request
DEBUG 2024-09-17 16:15:41.861 UTC: 	 Downloading lumi-mask from https://cms-service-dqmdc.web.cern.ch/CAF/certification/Collisions24/Cert_Collisions2024_eraD_Golden.json
WARNING 2024-09-17 16:15:41.908 UTC: 	 Warning: The following output files will not be published, as they are not EDM files: ['Tree_PhiPi.root']
DEBUG 2024-09-17 16:15:41.908 UTC: 	 submit() - self.configuration from WMCore.Configuration import Configuration
config = Configuration()
config.section_('General')
config.General.requestName = 'SkimDsPhiPi_2024eraD_stream5_Mini_v3'
config.General.transferOutputs = True
config.General.workArea = 'crab_projects'
config.General.transferLogs = False
config.section_('JobType')
config.JobType.allowUndistributedCMSSW = True
config.JobType.pluginName = 'Analysis'
config.JobType.psetName = '/eos/home-f/fnenna/tau3mu/CMSSW_14_0_12/src/SkimTools/SkimPhiPi/test/run_Data2024D_DsPhiPiSkimAndTree_cfg.py'
config.section_('Data')
config.Data.inputDataset = '/ParkingDoubleMuonLowMass5/Run2024D-PromptReco-v1/MINIAOD'
config.Data.outputDatasetTag = 'SkimDsPhiPi_2024eraD_stream5_Mini_v3'
config.Data.unitsPerJob = 50
config.Data.splitting = 'LumiBased'
config.Data.inputDBS = 'global'
config.Data.lumiMask = 'https://cms-service-dqmdc.web.cern.ch/CAF/certification/Collisions24/Cert_Collisions2024_eraD_Golden.json'
config.section_('Site')
config.Site.storageSite = 'T2_IT_Bari'
config.Site.ignoreGlobalBlacklist = True
config.section_('User')
config.section_('Debug')

DEBUG 2024-09-17 16:15:41.908 UTC: 	 submit() - self.configreq {'dryrun': 0, 'workflow': 'crab_SkimDsPhiPi_2024eraD_stream5_Mini_v3', 'saveoutput': 1, 'savelogsflag': 0, 'inputdata': '/ParkingDoubleMuonLowMass5/Run2024D-PromptReco-v1/MINIAOD', 'nonvaliddata': 0, 'userfiles': [], 'dbsurl': 'https://cmsweb.cern.ch/dbs/prod/global/DBSReader', 'useparent': 0, 'ignorelocality': 0, 'splitalgo': 'LumiBased', 'algoargs': 50, 'totalunits': 0, 'publication': 1, 'publishdbsurl': 'https://cmsweb.cern.ch/dbs/prod/phys03/DBSWriter', 'publishname2': 'SkimDsPhiPi_2024eraD_stream5_Mini_v3', 'jobtype': 'Analysis', 'generator': 'pythia', 'addoutputfiles': [], 'maxjobruntime': 1250, 'numcores': 1, 'maxmemory': 2000, 'priority': 10, 'nonprodsw': 1, 'asyncdest': 'T2_IT_Bari', 'requireaccelerator': 0, 'oneEventMode': 0, 'extrajdl': [], 'ignoreglobalblacklist': 1, 'partialdataset': 0, 'inputblocks': []}
DEBUG 2024-09-17 16:15:41.908 UTC: 	 submit() - jobconfig {'addoutputfiles': [], 'tfileoutfiles': ['Tree_PhiPi.root'], 'edmoutfiles': [], 'jobarch': 'el9_amd64_gcc12', 'jobsw': 'CMSSW_14_0_12', 'inputdata': '/ParkingDoubleMuonLowMass5/Run2024D-PromptReco-v1/MINIAOD', 'cacheurl': 'https://cmsweb.cern.ch/S3/crabcache_prod', 'cachefilename': '08bb505fc3bdf845b93449356f7f5e6191c46065adf93d9dc1ff824961bc1f8a.tar.gz', 'debugfilename': '0f9abc8ac6e665d761e8dd4c64c4ec1ebd740095199da5daf853d188ebb14213.tar.gz', 'runs': ['380306', '380308', '380309', '380310', '380346', '380348', '380349', '380360', '380377', '380384', '380385', '380399', '380403', '380444', '380446', '380447', '380466', '380470', '380481', '380513', '380517', '380531', '380534', '380537', '380538', '380564', '380567', '380623', '380624', '380625', '380626', '380627', '380647', '380649', '380933', '380945', '380947'], 'lumis': ['28,273', '1,35', '1,351', '1,1131', '34,334,342,606', '1,341', '1,695', '32,147,149,954,967,1972', '36,455', '48,798', '1,1247', '38,531', '9,259', '4,328', '1,321,327,1033', '1,810', '37,400,416,555', '1,1634', '25,884', '5,1162', '1,39', '28,355,362,913,919,1062', '1,746', '1,58', '1,144', '38,779', '1,1081', '30,417', '1,809', '1,7', '1,9,13,17', '1,808', '35,409', '1,401', '1,625,642,789', '1,245', '1,823'], 'jobtype': 'Analysis'}
INFO 2024-09-17 16:15:41.908 UTC: 	 Sending the request to the server at cmsweb.cern.ch
DEBUG 2024-09-17 16:15:41.908 UTC: 	 Submitting {'dryrun': 0, 'workflow': 'crab_SkimDsPhiPi_2024eraD_stream5_Mini_v3', 'saveoutput': 1, 'savelogsflag': 0, 'inputdata': '/ParkingDoubleMuonLowMass5/Run2024D-PromptReco-v1/MINIAOD', 'nonvaliddata': 0, 'userfiles': [], 'dbsurl': 'https://cmsweb.cern.ch/dbs/prod/global/DBSReader', 'useparent': 0, 'ignorelocality': 0, 'splitalgo': 'LumiBased', 'algoargs': 50, 'totalunits': 0, 'publication': 1, 'publishdbsurl': 'https://cmsweb.cern.ch/dbs/prod/phys03/DBSWriter', 'publishname2': 'SkimDsPhiPi_2024eraD_stream5_Mini_v3', 'jobtype': 'Analysis', 'generator': 'pythia', 'addoutputfiles': [], 'maxjobruntime': 1250, 'numcores': 1, 'maxmemory': 2000, 'priority': 10, 'nonprodsw': 1, 'asyncdest': 'T2_IT_Bari', 'requireaccelerator': 0, 'oneEventMode': 0, 'extrajdl': [], 'ignoreglobalblacklist': 1, 'partialdataset': 0, 'inputblocks': [], 'tfileoutfiles': ['Tree_PhiPi.root'], 'edmoutfiles': [], 'jobarch': 'el9_amd64_gcc12', 'jobsw': 'CMSSW_14_0_12', 'cacheurl': 'https://cmsweb.cern.ch/S3/crabcache_prod', 'cachefilename': '08bb505fc3bdf845b93449356f7f5e6191c46065adf93d9dc1ff824961bc1f8a.tar.gz', 'debugfilename': '0f9abc8ac6e665d761e8dd4c64c4ec1ebd740095199da5daf853d188ebb14213.tar.gz', 'runs': ['380306', '380308', '380309', '380310', '380346', '380348', '380349', '380360', '380377', '380384', '380385', '380399', '380403', '380444', '380446', '380447', '380466', '380470', '380481', '380513', '380517', '380531', '380534', '380537', '380538', '380564', '380567', '380623', '380624', '380625', '380626', '380627', '380647', '380649', '380933', '380945', '380947'], 'lumis': ['28,273', '1,35', '1,351', '1,1131', '34,334,342,606', '1,341', '1,695', '32,147,149,954,967,1972', '36,455', '48,798', '1,1247', '38,531', '9,259', '4,328', '1,321,327,1033', '1,810', '37,400,416,555', '1,1634', '25,884', '5,1162', '1,39', '28,355,362,913,919,1062', '1,746', '1,58', '1,144', '38,779', '1,1081', '30,417', '1,809', '1,7', '1,9,13,17', '1,808', '35,409', '1,401', '1,625,642,789', '1,245', '1,823']} 
DEBUG 2024-09-17 16:15:41.908 UTC: 	 Encoded data for curl request: dryrun=0&workflow=crab_SkimDsPhiPi_2024eraD_stream5_Mini_v3&saveoutput=1&savelogsflag=0&inputdata=%2FParkingDoubleMuonLowMass5%2FRun2024D-PromptReco-v1%2FMINIAOD&nonvaliddata=0&dbsurl=https%3A%2F%2Fcmsweb.cern.ch%2Fdbs%2Fprod%2Fglobal%2FDBSReader&useparent=0&ignorelocality=0&splitalgo=LumiBased&algoargs=50&totalunits=0&publication=1&publishdbsurl=https%3A%2F%2Fcmsweb.cern.ch%2Fdbs%2Fprod%2Fphys03%2FDBSWriter&publishname2=SkimDsPhiPi_2024eraD_stream5_Mini_v3&jobtype=Analysis&generator=pythia&maxjobruntime=1250&numcores=1&maxmemory=2000&priority=10&nonprodsw=1&asyncdest=T2_IT_Bari&requireaccelerator=0&oneEventMode=0&ignoreglobalblacklist=1&partialdataset=0&jobarch=el9_amd64_gcc12&jobsw=CMSSW_14_0_12&cacheurl=https%3A%2F%2Fcmsweb.cern.ch%2FS3%2Fcrabcache_prod&cachefilename=08bb505fc3bdf845b93449356f7f5e6191c46065adf93d9dc1ff824961bc1f8a.tar.gz&debugfilename=0f9abc8ac6e665d761e8dd4c64c4ec1ebd740095199da5daf853d188ebb14213.tar.gz&tfileoutfiles=Tree_PhiPi.root&runs=380306&runs=380308&runs=380309&runs=380310&runs=380346&runs=380348&runs=380349&runs=380360&runs=380377&runs=380384&runs=380385&runs=380399&runs=380403&runs=380444&runs=380446&runs=380447&runs=380466&runs=380470&runs=380481&runs=380513&runs=380517&runs=380531&runs=380534&runs=380537&runs=380538&runs=380564&runs=380567&runs=380623&runs=380624&runs=380625&runs=380626&runs=380627&runs=380647&runs=380649&runs=380933&runs=380945&runs=380947&lumis=28%2C273&lumis=1%2C35&lumis=1%2C351&lumis=1%2C1131&lumis=34%2C334%2C342%2C606&lumis=1%2C341&lumis=1%2C695&lumis=32%2C147%2C149%2C954%2C967%2C1972&lumis=36%2C455&lumis=48%2C798&lumis=1%2C1247&lumis=38%2C531&lumis=9%2C259&lumis=4%2C328&lumis=1%2C321%2C327%2C1033&lumis=1%2C810&lumis=37%2C400%2C416%2C555&lumis=1%2C1634&lumis=25%2C884&lumis=5%2C1162&lumis=1%2C39&lumis=28%2C355%2C362%2C913%2C919%2C1062&lumis=1%2C746&lumis=1%2C58&lumis=1%2C144&lumis=38%2C779&lumis=1%2C1081&lumis=30%2C417&lumis=1%2C809&lumis=1%2C7&lumis=1%2C9%2C13%2C17&lumis=1%2C808&lumis=35%2C409&lumis=1%2C401&lumis=1%2C625%2C642%2C789&lumis=1%2C245&lumis=1%2C823
DEBUG 2024-09-17 16:15:41.974 UTC: 	 Result: {'result': [{'RequestName': '240917_161541:fnenna_crab_SkimDsPhiPi_2024eraD_stream5_Mini_v3'}]}
INFO 2024-09-17 16:15:41.987 UTC: 	 Success: Your task has been delivered to the prod CRAB3 server.
INFO 2024-09-17 16:15:41.987 UTC: 	 Task name: 240917_161541:fnenna_crab_SkimDsPhiPi_2024eraD_stream5_Mini_v3
INFO 2024-09-17 16:15:41.987 UTC: 	 Project dir: crab_projects/crab_SkimDsPhiPi_2024eraD_stream5_Mini_v3
INFO 2024-09-17 16:15:41.987 UTC: 	 Please use ' crab status -d crab_projects/crab_SkimDsPhiPi_2024eraD_stream5_Mini_v3 ' to check how the submission process proceeds.
DEBUG 2024-09-17 16:15:41.987 UTC: 	 About to return
INFO 2024-09-17 16:15:42.000 UTC: 	 Log file is /eos/home-f/fnenna/tau3mu/CMSSW_14_0_12/src/CrabSubmission/Data_2024/SkimPhiPi/reco2024_RunD/crab_projects/crab_SkimDsPhiPi_2024eraD_stream5_Mini_v3/crab.log
