DEBUG 2024-09-17 16:18:38.619 UTC: 	 CRAB Client version: v3.240621
DEBUG 2024-09-17 16:18:38.619 UTC: 	 Running on: Linux lxplus933.cern.ch 5.14.0-427.31.1.el9_4.x86_64 #1 SMP PREEMPT_DYNAMIC Fri Aug 9 14:06:03 EDT 2024 x86_64 x86_64 x86_64 GNU/Linux - Red Hat Enterprise Linux 9.4 (Plow)
DEBUG 2024-09-17 16:18:38.619 UTC: 	 Executing command: 'submit'
DEBUG 2024-09-17 16:18:38.619 UTC: 	 Found CRAB cache file /afs/cern.ch/user/f/fnenna/.crab3
INFO 2024-09-17 16:18:38.620 UTC: 	 Will use CRAB configuration file crab_DsPhiPi_reco2024_RunE-v2_stream6_cfg.py
DEBUG 2024-09-17 16:18:38.620 UTC: 	 Loading CRAB configuration file.
DEBUG 2024-09-17 16:18:38.679 UTC: 	 Will use CRAB plugin ANALYSIS (i.e. will run an analysis job type).
DEBUG 2024-09-17 16:18:39.530 UTC: 	 Checking credentials
DEBUG 2024-09-17 16:18:39.531 UTC: 	 Found proxy file /tmp/x509up_u160683
DEBUG 2024-09-17 16:18:39.531 UTC: 	 Making sure it has proper VOMS extension
DEBUG 2024-09-17 16:18:39.531 UTC: 	 Executing command :
 voms-proxy-info --vo --file /tmp/x509up_u160683
DEBUG 2024-09-17 16:18:39.895 UTC: 	 output : cms

 error: 
 retcode : 0
DEBUG 2024-09-17 16:18:39.895 UTC: 	 Getting proxy life time left
DEBUG 2024-09-17 16:18:39.895 UTC: 	 Executing command :
 voms-proxy-info --actimeleft --timeleft --file /tmp/x509up_u160683
DEBUG 2024-09-17 16:18:40.262 UTC: 	 output : 690957
690957

 error: 
 retcode : 0
DEBUG 2024-09-17 16:18:40.262 UTC: 	 Proxy valid for 191:55:57 hours
DEBUG 2024-09-17 16:18:40.262 UTC: 	 Encoded data for curl request: subresource=delegatedn
DEBUG 2024-09-17 16:18:40.348 UTC: 	 Registering user credentials on myproxy for /DC=ch/DC=cern/OU=computers/CN=crab-(preprod|prod)-tw(01|02).cern.ch|/DC=ch/DC=cern/OU=computers/CN=crab-dev-tw(01|02|03|04).cern.ch|/DC=ch/DC=cern/OU=Organic Units/OU=Users/CN=cmscrab/CN=(817881|373708)/CN=Robot: cms crab|/DC=ch/DC=cern/OU=Organic Units/OU=Users/CN=crabint1/CN=373708/CN=Robot: CMS CRAB Integration 1
DEBUG 2024-09-17 16:18:40.349 UTC: 	 Executing command :
 voms-proxy-info --identity --file /tmp/x509up_u160683
DEBUG 2024-09-17 16:18:40.713 UTC: 	 output : /DC=ch/DC=cern/OU=Organic Units/OU=Users/CN=fnenna/CN=868185/CN=Felice Nenna

 error: 
 retcode : 0
DEBUG 2024-09-17 16:18:40.713 UTC: 	 Getting myproxy life time left for a133b326f2e83ec4c6fd8cd18786edfdbb69b415
DEBUG 2024-09-17 16:18:40.713 UTC: 	 Executing command :
 myproxy-info -s myproxy.cern.ch -l a133b326f2e83ec4c6fd8cd18786edfdbb69b415
DEBUG 2024-09-17 16:18:40.978 UTC: 	 output : username: a133b326f2e83ec4c6fd8cd18786edfdbb69b415
owner: /DC=ch/DC=cern/OU=Organic Units/OU=Users/CN=fnenna/CN=868185/CN=Felice Nenna
  renewal policy: /DC=ch/DC=cern/OU=computers/CN=crab-(preprod|prod)-tw(01|02).cern.ch|/DC=ch/DC=cern/OU=computers/CN=crab-dev-tw(01|02|03|04).cern.ch|/DC=ch/DC=cern/OU=Organic Units/OU=Users/CN=cmscrab/CN=(817881|373708)/CN=Robot: cms crab|/DC=ch/DC=cern/OU=Organic Units/OU=Users/CN=crabint1/CN=373708/CN=Robot: CMS CRAB Integration 1
  trusted retrieval policy: /DC=ch/DC=cern/OU=computers/CN=crab-(preprod|prod)-tw(01|02).cern.ch|/DC=ch/DC=cern/OU=computers/CN=crab-dev-tw(01|02|03|04).cern.ch|/DC=ch/DC=cern/OU=Organic Units/OU=Users/CN=cmscrab/CN=(817881|373708)/CN=Robot: cms crab|/DC=ch/DC=cern/OU=Organic Units/OU=Users/CN=crabint1/CN=373708/CN=Robot: CMS CRAB Integration 1
  timeleft: 718:55:57  (30.0 days)

 error: 
 retcode : 0
DEBUG 2024-09-17 16:18:40.978 UTC: 	 Myproxy is valid: 2588100
DEBUG 2024-09-17 16:18:40.978 UTC: 	 Result of myproxy credential check:
  Credential exists on myproxy: username: a133b326f2e83ec4c6fd8cd18786edfdbb69b415  - validity: 29 days, 22:55:00
DEBUG 2024-09-17 16:18:40.978 UTC: 	 Command use: submit
DEBUG 2024-09-17 16:18:40.978 UTC: 	 Options use: ['-c', 'crab_DsPhiPi_reco2024_RunE-v2_stream6_cfg.py']
DEBUG 2024-09-17 16:18:40.978 UTC: 	 Encoded data for curl request: subresource=version
DEBUG 2024-09-17 16:18:41.201 UTC: 	 CRABClient version: v3.240621
DEBUG 2024-09-17 16:18:41.201 UTC: 	 Instance is prod
DEBUG 2024-09-17 16:18:41.201 UTC: 	 Server base url is cmsweb.cern.ch
DEBUG 2024-09-17 16:18:41.201 UTC: 	 Command api workflow
DEBUG 2024-09-17 16:18:41.201 UTC: 	 Started submission
DEBUG 2024-09-17 16:18:41.201 UTC: 	 Working on /eos/home-f/fnenna/tau3mu/CMSSW_14_0_12/src/CrabSubmission/Data_2024/SkimPhiPi/reco2024_RunE-v2/crab_projects/crab_SkimDsPhiPi_2024eraE-v2_stream6_Mini_v3
DEBUG 2024-09-17 16:18:41.201 UTC: 	 Encoded data for curl request: subresource=backendurls
DEBUG 2024-09-17 16:18:41.277 UTC: 	 Loading required information from the environment
DEBUG 2024-09-17 16:18:41.277 UTC: 	 Found CMSSW_14_0_12 for el9_amd64_gcc12 with base /eos/home-f/fnenna/tau3mu/CMSSW_14_0_12
DEBUG 2024-09-17 16:18:41.277 UTC: 	 Loading required information from the environment
DEBUG 2024-09-17 16:18:41.277 UTC: 	 Found CMSSW_14_0_12 for el9_amd64_gcc12 with base /eos/home-f/fnenna/tau3mu/CMSSW_14_0_12
DEBUG 2024-09-17 16:18:41.277 UTC: 	 UNIQUE NAME: tarUUID eea580ec-82ce-4ea1-9f37-448446b85de9 
DEBUG 2024-09-17 16:18:41.278 UTC: 	 self.config: from WMCore.Configuration import Configuration
config = Configuration()
config.section_('General')
config.General.transferOutputs = True
config.General.transferLogs = False
config.General.workArea = 'crab_projects'
config.General.requestName = 'SkimDsPhiPi_2024eraE-v2_stream6_Mini_v3'
config.section_('JobType')
config.JobType.allowUndistributedCMSSW = True
config.JobType.pluginName = 'Analysis'
config.JobType.psetName = '/eos/home-f/fnenna/tau3mu/CMSSW_14_0_12/src/SkimTools/SkimPhiPi/test/run_Data2024E-v2_DsPhiPiSkimAndTree_cfg.py'
config.section_('Data')
config.Data.inputDataset = '/ParkingDoubleMuonLowMass6/Run2024E-PromptReco-v2/MINIAOD'
config.Data.outputDatasetTag = 'SkimDsPhiPi_2024eraE-v2_stream6_Mini_v3'
config.Data.splitting = 'LumiBased'
config.Data.inputDBS = 'global'
config.Data.unitsPerJob = 50
config.Data.lumiMask = 'https://cms-service-dqmdc.web.cern.ch/CAF/certification/Collisions24/Cert_Collisions2024_eraE_Golden.json'
config.section_('Site')
config.Site.storageSite = 'T2_IT_Bari'
config.Site.ignoreGlobalBlacklist = True
config.section_('User')
config.section_('Debug')

DEBUG 2024-09-17 16:18:41.278 UTC: 	 self.config.JobType.psetName: /eos/home-f/fnenna/tau3mu/CMSSW_14_0_12/src/SkimTools/SkimPhiPi/test/run_Data2024E-v2_DsPhiPiSkimAndTree_cfg.py
INFO 2024-09-17 16:18:41.278 UTC: 	 Importing CMSSW configuration /eos/home-f/fnenna/tau3mu/CMSSW_14_0_12/src/SkimTools/SkimPhiPi/test/run_Data2024E-v2_DsPhiPiSkimAndTree_cfg.py
INFO 2024-09-17 16:18:42.054 UTC: 	 Finished importing CMSSW configuration /eos/home-f/fnenna/tau3mu/CMSSW_14_0_12/src/SkimTools/SkimPhiPi/test/run_Data2024E-v2_DsPhiPiSkimAndTree_cfg.py
DEBUG 2024-09-17 16:18:42.055 UTC: 	 Writing CMSSW configuration to /eos/home-f/fnenna/tau3mu/CMSSW_14_0_12/src/CrabSubmission/Data_2024/SkimPhiPi/reco2024_RunE-v2/crab_projects/crab_SkimDsPhiPi_2024eraE-v2_stream6_Mini_v3/inputs/PSet.py
DEBUG 2024-09-17 16:18:42.113 UTC: 	 The following EDM output files will be collected: []
DEBUG 2024-09-17 16:18:42.113 UTC: 	 The following TFile output files will be collected: ['Tree_PhiPi.root']
DEBUG 2024-09-17 16:18:42.113 UTC: 	 The following user output files (not listed as PoolOuputModule or TFileService in the CMSSW PSet) will be collected: 
DEBUG 2024-09-17 16:18:42.113 UTC: 	 Loading required information from the environment
DEBUG 2024-09-17 16:18:42.113 UTC: 	 Found CMSSW_14_0_12 for el9_amd64_gcc12 with base /eos/home-f/fnenna/tau3mu/CMSSW_14_0_12
DEBUG 2024-09-17 16:18:42.113 UTC: 	 Making tarball in /eos/home-f/fnenna/tau3mu/CMSSW_14_0_12/src/CrabSubmission/Data_2024/SkimPhiPi/reco2024_RunE-v2/crab_projects/crab_SkimDsPhiPi_2024eraE-v2_stream6_Mini_v3/inputs/eea580ec-82ce-4ea1-9f37-448446b85de9default.tgz
DEBUG 2024-09-17 16:18:42.115 UTC: 	 Checking directory /eos/home-f/fnenna/tau3mu/CMSSW_14_0_12/bin
DEBUG 2024-09-17 16:18:42.115 UTC: 	 Adding directory /eos/home-f/fnenna/tau3mu/CMSSW_14_0_12/bin to tarball
DEBUG 2024-09-17 16:18:42.117 UTC: 	 Checking directory /eos/home-f/fnenna/tau3mu/CMSSW_14_0_12/python
DEBUG 2024-09-17 16:18:42.117 UTC: 	 Adding directory /eos/home-f/fnenna/tau3mu/CMSSW_14_0_12/python to tarball
DEBUG 2024-09-17 16:18:42.171 UTC: 	 Checking directory /eos/home-f/fnenna/tau3mu/CMSSW_14_0_12/cfipython
DEBUG 2024-09-17 16:18:42.172 UTC: 	 Adding directory /eos/home-f/fnenna/tau3mu/CMSSW_14_0_12/cfipython to tarball
DEBUG 2024-09-17 16:18:42.183 UTC: 	 Checking directory /eos/home-f/fnenna/tau3mu/CMSSW_14_0_12/lib
DEBUG 2024-09-17 16:18:42.183 UTC: 	 Adding directory /eos/home-f/fnenna/tau3mu/CMSSW_14_0_12/lib to tarball
DEBUG 2024-09-17 16:18:42.266 UTC: 	 Checking directory /eos/home-f/fnenna/tau3mu/CMSSW_14_0_12/biglib
DEBUG 2024-09-17 16:18:42.266 UTC: 	 Adding directory /eos/home-f/fnenna/tau3mu/CMSSW_14_0_12/biglib to tarball
DEBUG 2024-09-17 16:18:42.268 UTC: 	 Checking directory /eos/home-f/fnenna/tau3mu/CMSSW_14_0_12/module
DEBUG 2024-09-17 16:18:42.268 UTC: 	 Checking directory /eos/home-f/fnenna/tau3mu/CMSSW_14_0_12/config/SCRAM/hooks
DEBUG 2024-09-17 16:18:42.268 UTC: 	 Adding directory /eos/home-f/fnenna/tau3mu/CMSSW_14_0_12/config/SCRAM/hooks to tarball
DEBUG 2024-09-17 16:18:42.337 UTC: 	 Adding directory /eos/home-f/fnenna/tau3mu/CMSSW_14_0_12/src/Plugins/MiniAnaTau3Mu/python to tarball
DEBUG 2024-09-17 16:18:42.356 UTC: 	 Adding directory /eos/home-f/fnenna/tau3mu/CMSSW_14_0_12/src/Plugins/PFCandFilter/python to tarball
DEBUG 2024-09-17 16:18:42.362 UTC: 	 Adding directory /eos/home-f/fnenna/tau3mu/CMSSW_14_0_12/src/Plugins/RecoMuonAnalyzer/python to tarball
DEBUG 2024-09-17 16:18:42.374 UTC: 	 Adding directory /eos/home-f/fnenna/tau3mu/CMSSW_14_0_12/src/Plugins/SimpleEventCounter/python to tarball
DEBUG 2024-09-17 16:18:42.391 UTC: 	 Adding directory /eos/home-f/fnenna/tau3mu/CMSSW_14_0_12/src/Plugins/TrackFromCandProducer/python to tarball
DEBUG 2024-09-17 16:18:42.397 UTC: 	 Adding directory /eos/home-f/fnenna/tau3mu/CMSSW_14_0_12/src/SkimTools/SkimPhiMuNu/python to tarball
DEBUG 2024-09-17 16:18:42.401 UTC: 	 Adding directory /eos/home-f/fnenna/tau3mu/CMSSW_14_0_12/src/SkimTools/SkimPhiPi/python to tarball
DEBUG 2024-09-17 16:18:42.406 UTC: 	 Adding directory /eos/home-f/fnenna/tau3mu/CMSSW_14_0_12/src/SkimTools/SkimTau3Mu/python to tarball
DEBUG 2024-09-17 16:18:42.545 UTC: 	 Uploading archive /eos/home-f/fnenna/tau3mu/CMSSW_14_0_12/src/CrabSubmission/Data_2024/SkimPhiPi/reco2024_RunE-v2/crab_projects/crab_SkimDsPhiPi_2024eraE-v2_stream6_Mini_v3/inputs/eea580ec-82ce-4ea1-9f37-448446b85de9default.tgz (430 KB) to the CRAB cache. Using URI https://cmsweb.cern.ch/S3/crabcache_prod
DEBUG 2024-09-17 16:18:42.722 UTC: 	 Encoded data for curl request: subresource=upload&objecttype=sandbox&tarballname=08bb505fc3bdf845b93449356f7f5e6191c46065adf93d9dc1ff824961bc1f8a.tar.gz
DEBUG 2024-09-17 16:18:42.786 UTC: 	 sandbox 08bb505fc3bdf845b93449356f7f5e6191c46065adf93d9dc1ff824961bc1f8a.tar.gz is already in the S3 store, will not upload again
DEBUG 2024-09-17 16:18:42.786 UTC: 	 Loading required information from the environment
DEBUG 2024-09-17 16:18:42.786 UTC: 	 Found CMSSW_14_0_12 for el9_amd64_gcc12 with base /eos/home-f/fnenna/tau3mu/CMSSW_14_0_12
DEBUG 2024-09-17 16:18:42.786 UTC: 	 Making tarball in /eos/home-f/fnenna/tau3mu/CMSSW_14_0_12/src/CrabSubmission/Data_2024/SkimPhiPi/reco2024_RunE-v2/crab_projects/crab_SkimDsPhiPi_2024eraE-v2_stream6_Mini_v3/inputs/debugFiles.tgz
DEBUG 2024-09-17 16:18:42.795 UTC: 	 Uploading archive /eos/home-f/fnenna/tau3mu/CMSSW_14_0_12/src/CrabSubmission/Data_2024/SkimPhiPi/reco2024_RunE-v2/crab_projects/crab_SkimDsPhiPi_2024eraE-v2_stream6_Mini_v3/inputs/debugFiles.tgz (1 KB) to the CRAB cache. Using URI https://cmsweb.cern.ch/S3/crabcache_prod
DEBUG 2024-09-17 16:18:42.800 UTC: 	 Encoded data for curl request: subresource=upload&objecttype=sandbox&tarballname=4a4382b34a041f424258f36958a2250c6b4b5a725aa18969d8c83c16c3ab05aa.tar.gz
DEBUG 2024-09-17 16:18:42.886 UTC: 	 Will execute:
curl -f -v -X POST  -H "User-Agent: CRAB" -F "key=fnenna/sandboxes/4a4382b34a041f424258f36958a2250c6b4b5a725aa18969d8c83c16c3ab05aa.tar.gz" -F "AWSAccessKeyId=715203df6482458ba839e73e6dab634b" -F "policy=eyJleHBpcmF0aW9uIjogIjIwMjQtMDktMTdUMTc6MTg6NDJaIiwgImNvbmRpdGlvbnMiOiBbeyJidWNrZXQiOiAiY3JhYmNhY2hlX3Byb2QifSwgeyJrZXkiOiAiZm5lbm5hL3NhbmRib3hlcy80YTQzODJiMzRhMDQxZjQyNDI1OGYzNjk1OGEyMjUwYzZiNGI1YTcyNWFhMTg5NjlkOGM4M2MxNmMzYWIwNWFhLnRhci5neiJ9XX0=" -F "signature=kavyecGj7RTf7HCiF4uYkFed998=" -F "file=@/eos/home-f/fnenna/tau3mu/CMSSW_14_0_12/src/CrabSubmission/Data_2024/SkimPhiPi/reco2024_RunE-v2/crab_projects/crab_SkimDsPhiPi_2024eraE-v2_stream6_Mini_v3/inputs/debugFiles.tgz" "https://s3.cern.ch/crabcache_prod"
DEBUG 2024-09-17 16:18:42.971 UTC: 	 exitcode: 0
stdout: b''
DEBUG 2024-09-17 16:18:42.971 UTC: 	 sandbox /eos/home-f/fnenna/tau3mu/CMSSW_14_0_12/src/CrabSubmission/Data_2024/SkimPhiPi/reco2024_RunE-v2/crab_projects/crab_SkimDsPhiPi_2024eraE-v2_stream6_Mini_v3/inputs/debugFiles.tgz successfully uploaded to S3
DEBUG 2024-09-17 16:18:42.971 UTC: 	 Result uploading input files: 08bb505fc3bdf845b93449356f7f5e6191c46065adf93d9dc1ff824961bc1f8a.tar.gz 
DEBUG 2024-09-17 16:18:42.971 UTC: 	 Attaching lumi mask https://cms-service-dqmdc.web.cern.ch/CAF/certification/Collisions24/Cert_Collisions2024_eraE_Golden.json to the request
DEBUG 2024-09-17 16:18:42.971 UTC: 	 Downloading lumi-mask from https://cms-service-dqmdc.web.cern.ch/CAF/certification/Collisions24/Cert_Collisions2024_eraE_Golden.json
WARNING 2024-09-17 16:18:43.013 UTC: 	 Warning: The following output files will not be published, as they are not EDM files: ['Tree_PhiPi.root']
DEBUG 2024-09-17 16:18:43.013 UTC: 	 submit() - self.configuration from WMCore.Configuration import Configuration
config = Configuration()
config.section_('General')
config.General.transferOutputs = True
config.General.transferLogs = False
config.General.workArea = 'crab_projects'
config.General.requestName = 'SkimDsPhiPi_2024eraE-v2_stream6_Mini_v3'
config.section_('JobType')
config.JobType.allowUndistributedCMSSW = True
config.JobType.pluginName = 'Analysis'
config.JobType.psetName = '/eos/home-f/fnenna/tau3mu/CMSSW_14_0_12/src/SkimTools/SkimPhiPi/test/run_Data2024E-v2_DsPhiPiSkimAndTree_cfg.py'
config.section_('Data')
config.Data.inputDataset = '/ParkingDoubleMuonLowMass6/Run2024E-PromptReco-v2/MINIAOD'
config.Data.outputDatasetTag = 'SkimDsPhiPi_2024eraE-v2_stream6_Mini_v3'
config.Data.splitting = 'LumiBased'
config.Data.inputDBS = 'global'
config.Data.unitsPerJob = 50
config.Data.lumiMask = 'https://cms-service-dqmdc.web.cern.ch/CAF/certification/Collisions24/Cert_Collisions2024_eraE_Golden.json'
config.section_('Site')
config.Site.storageSite = 'T2_IT_Bari'
config.Site.ignoreGlobalBlacklist = True
config.section_('User')
config.section_('Debug')

DEBUG 2024-09-17 16:18:43.013 UTC: 	 submit() - self.configreq {'dryrun': 0, 'workflow': 'crab_SkimDsPhiPi_2024eraE-v2_stream6_Mini_v3', 'saveoutput': 1, 'savelogsflag': 0, 'inputdata': '/ParkingDoubleMuonLowMass6/Run2024E-PromptReco-v2/MINIAOD', 'nonvaliddata': 0, 'userfiles': [], 'dbsurl': 'https://cmsweb.cern.ch/dbs/prod/global/DBSReader', 'useparent': 0, 'ignorelocality': 0, 'splitalgo': 'LumiBased', 'algoargs': 50, 'totalunits': 0, 'publication': 1, 'publishdbsurl': 'https://cmsweb.cern.ch/dbs/prod/phys03/DBSWriter', 'publishname2': 'SkimDsPhiPi_2024eraE-v2_stream6_Mini_v3', 'jobtype': 'Analysis', 'generator': 'pythia', 'addoutputfiles': [], 'maxjobruntime': 1250, 'numcores': 1, 'maxmemory': 2000, 'priority': 10, 'nonprodsw': 1, 'asyncdest': 'T2_IT_Bari', 'requireaccelerator': 0, 'oneEventMode': 0, 'extrajdl': [], 'ignoreglobalblacklist': 1, 'partialdataset': 0, 'inputblocks': []}
DEBUG 2024-09-17 16:18:43.013 UTC: 	 submit() - jobconfig {'addoutputfiles': [], 'tfileoutfiles': ['Tree_PhiPi.root'], 'edmoutfiles': [], 'jobarch': 'el9_amd64_gcc12', 'jobsw': 'CMSSW_14_0_12', 'inputdata': '/ParkingDoubleMuonLowMass6/Run2024E-PromptReco-v2/MINIAOD', 'cacheurl': 'https://cmsweb.cern.ch/S3/crabcache_prod', 'cachefilename': '08bb505fc3bdf845b93449356f7f5e6191c46065adf93d9dc1ff824961bc1f8a.tar.gz', 'debugfilename': '4a4382b34a041f424258f36958a2250c6b4b5a725aa18969d8c83c16c3ab05aa.tar.gz', 'runs': ['380963', '381022', '381053', '381065', '381067', '381069', '381070', '381075', '381078', '381079', '381080', '381113', '381114', '381115', '381147', '381148', '381149', '381150', '381151', '381152', '381164', '381190', '381191', '381199', '381212', '381286', '381309', '381358', '381364', '381365', '381371', '381379', '381380', '381384', '381417', '381443', '381477', '381479', '381480', '381484', '381499', '381500', '381515', '381516', '381543', '381544'], 'lumis': ['33,954', '39,624', '32,139', '35,825', '1,313', '1,307', '1,425', '67,492', '1,24,26,335', '1,2,5,398', '1,264,266,337', '60,305', '1,458', '1,1064,1079,1308', '27,212', '1,108,113,200,205,240,242,273', '1,133', '1,42', '1,851', '1,193', '30,1180', '1,1098', '1,1121', '36,185', '33,404', '31,741', '32,457', '31,33', '30,456', '1,595', '33,226', '35,867', '1,1354', '32,864,867,1032,1034,3516', '35,1824', '33,1118,1120,1571', '27,304', '1,434', '1,1268', '24,843', '33,228', '1,92', '35,157,160,550', '1,1672', '8,519', '10,1979'], 'jobtype': 'Analysis'}
INFO 2024-09-17 16:18:43.013 UTC: 	 Sending the request to the server at cmsweb.cern.ch
DEBUG 2024-09-17 16:18:43.013 UTC: 	 Submitting {'dryrun': 0, 'workflow': 'crab_SkimDsPhiPi_2024eraE-v2_stream6_Mini_v3', 'saveoutput': 1, 'savelogsflag': 0, 'inputdata': '/ParkingDoubleMuonLowMass6/Run2024E-PromptReco-v2/MINIAOD', 'nonvaliddata': 0, 'userfiles': [], 'dbsurl': 'https://cmsweb.cern.ch/dbs/prod/global/DBSReader', 'useparent': 0, 'ignorelocality': 0, 'splitalgo': 'LumiBased', 'algoargs': 50, 'totalunits': 0, 'publication': 1, 'publishdbsurl': 'https://cmsweb.cern.ch/dbs/prod/phys03/DBSWriter', 'publishname2': 'SkimDsPhiPi_2024eraE-v2_stream6_Mini_v3', 'jobtype': 'Analysis', 'generator': 'pythia', 'addoutputfiles': [], 'maxjobruntime': 1250, 'numcores': 1, 'maxmemory': 2000, 'priority': 10, 'nonprodsw': 1, 'asyncdest': 'T2_IT_Bari', 'requireaccelerator': 0, 'oneEventMode': 0, 'extrajdl': [], 'ignoreglobalblacklist': 1, 'partialdataset': 0, 'inputblocks': [], 'tfileoutfiles': ['Tree_PhiPi.root'], 'edmoutfiles': [], 'jobarch': 'el9_amd64_gcc12', 'jobsw': 'CMSSW_14_0_12', 'cacheurl': 'https://cmsweb.cern.ch/S3/crabcache_prod', 'cachefilename': '08bb505fc3bdf845b93449356f7f5e6191c46065adf93d9dc1ff824961bc1f8a.tar.gz', 'debugfilename': '4a4382b34a041f424258f36958a2250c6b4b5a725aa18969d8c83c16c3ab05aa.tar.gz', 'runs': ['380963', '381022', '381053', '381065', '381067', '381069', '381070', '381075', '381078', '381079', '381080', '381113', '381114', '381115', '381147', '381148', '381149', '381150', '381151', '381152', '381164', '381190', '381191', '381199', '381212', '381286', '381309', '381358', '381364', '381365', '381371', '381379', '381380', '381384', '381417', '381443', '381477', '381479', '381480', '381484', '381499', '381500', '381515', '381516', '381543', '381544'], 'lumis': ['33,954', '39,624', '32,139', '35,825', '1,313', '1,307', '1,425', '67,492', '1,24,26,335', '1,2,5,398', '1,264,266,337', '60,305', '1,458', '1,1064,1079,1308', '27,212', '1,108,113,200,205,240,242,273', '1,133', '1,42', '1,851', '1,193', '30,1180', '1,1098', '1,1121', '36,185', '33,404', '31,741', '32,457', '31,33', '30,456', '1,595', '33,226', '35,867', '1,1354', '32,864,867,1032,1034,3516', '35,1824', '33,1118,1120,1571', '27,304', '1,434', '1,1268', '24,843', '33,228', '1,92', '35,157,160,550', '1,1672', '8,519', '10,1979']} 
DEBUG 2024-09-17 16:18:43.013 UTC: 	 Encoded data for curl request: dryrun=0&workflow=crab_SkimDsPhiPi_2024eraE-v2_stream6_Mini_v3&saveoutput=1&savelogsflag=0&inputdata=%2FParkingDoubleMuonLowMass6%2FRun2024E-PromptReco-v2%2FMINIAOD&nonvaliddata=0&dbsurl=https%3A%2F%2Fcmsweb.cern.ch%2Fdbs%2Fprod%2Fglobal%2FDBSReader&useparent=0&ignorelocality=0&splitalgo=LumiBased&algoargs=50&totalunits=0&publication=1&publishdbsurl=https%3A%2F%2Fcmsweb.cern.ch%2Fdbs%2Fprod%2Fphys03%2FDBSWriter&publishname2=SkimDsPhiPi_2024eraE-v2_stream6_Mini_v3&jobtype=Analysis&generator=pythia&maxjobruntime=1250&numcores=1&maxmemory=2000&priority=10&nonprodsw=1&asyncdest=T2_IT_Bari&requireaccelerator=0&oneEventMode=0&ignoreglobalblacklist=1&partialdataset=0&jobarch=el9_amd64_gcc12&jobsw=CMSSW_14_0_12&cacheurl=https%3A%2F%2Fcmsweb.cern.ch%2FS3%2Fcrabcache_prod&cachefilename=08bb505fc3bdf845b93449356f7f5e6191c46065adf93d9dc1ff824961bc1f8a.tar.gz&debugfilename=4a4382b34a041f424258f36958a2250c6b4b5a725aa18969d8c83c16c3ab05aa.tar.gz&tfileoutfiles=Tree_PhiPi.root&runs=380963&runs=381022&runs=381053&runs=381065&runs=381067&runs=381069&runs=381070&runs=381075&runs=381078&runs=381079&runs=381080&runs=381113&runs=381114&runs=381115&runs=381147&runs=381148&runs=381149&runs=381150&runs=381151&runs=381152&runs=381164&runs=381190&runs=381191&runs=381199&runs=381212&runs=381286&runs=381309&runs=381358&runs=381364&runs=381365&runs=381371&runs=381379&runs=381380&runs=381384&runs=381417&runs=381443&runs=381477&runs=381479&runs=381480&runs=381484&runs=381499&runs=381500&runs=381515&runs=381516&runs=381543&runs=381544&lumis=33%2C954&lumis=39%2C624&lumis=32%2C139&lumis=35%2C825&lumis=1%2C313&lumis=1%2C307&lumis=1%2C425&lumis=67%2C492&lumis=1%2C24%2C26%2C335&lumis=1%2C2%2C5%2C398&lumis=1%2C264%2C266%2C337&lumis=60%2C305&lumis=1%2C458&lumis=1%2C1064%2C1079%2C1308&lumis=27%2C212&lumis=1%2C108%2C113%2C200%2C205%2C240%2C242%2C273&lumis=1%2C133&lumis=1%2C42&lumis=1%2C851&lumis=1%2C193&lumis=30%2C1180&lumis=1%2C1098&lumis=1%2C1121&lumis=36%2C185&lumis=33%2C404&lumis=31%2C741&lumis=32%2C457&lumis=31%2C33&lumis=30%2C456&lumis=1%2C595&lumis=33%2C226&lumis=35%2C867&lumis=1%2C1354&lumis=32%2C864%2C867%2C1032%2C1034%2C3516&lumis=35%2C1824&lumis=33%2C1118%2C1120%2C1571&lumis=27%2C304&lumis=1%2C434&lumis=1%2C1268&lumis=24%2C843&lumis=33%2C228&lumis=1%2C92&lumis=35%2C157%2C160%2C550&lumis=1%2C1672&lumis=8%2C519&lumis=10%2C1979
DEBUG 2024-09-17 16:18:43.083 UTC: 	 Result: {'result': [{'RequestName': '240917_161843:fnenna_crab_SkimDsPhiPi_2024eraE-v2_stream6_Mini_v3'}]}
INFO 2024-09-17 16:18:43.093 UTC: 	 Success: Your task has been delivered to the prod CRAB3 server.
INFO 2024-09-17 16:18:43.093 UTC: 	 Task name: 240917_161843:fnenna_crab_SkimDsPhiPi_2024eraE-v2_stream6_Mini_v3
INFO 2024-09-17 16:18:43.093 UTC: 	 Project dir: crab_projects/crab_SkimDsPhiPi_2024eraE-v2_stream6_Mini_v3
INFO 2024-09-17 16:18:43.093 UTC: 	 Please use ' crab status -d crab_projects/crab_SkimDsPhiPi_2024eraE-v2_stream6_Mini_v3 ' to check how the submission process proceeds.
DEBUG 2024-09-17 16:18:43.093 UTC: 	 About to return
INFO 2024-09-17 16:18:43.104 UTC: 	 Log file is /eos/home-f/fnenna/tau3mu/CMSSW_14_0_12/src/CrabSubmission/Data_2024/SkimPhiPi/reco2024_RunE-v2/crab_projects/crab_SkimDsPhiPi_2024eraE-v2_stream6_Mini_v3/crab.log
