DEBUG 2024-09-17 16:15:04.550 UTC: 	 CRAB Client version: v3.240621
DEBUG 2024-09-17 16:15:04.551 UTC: 	 Running on: Linux lxplus933.cern.ch 5.14.0-427.31.1.el9_4.x86_64 #1 SMP PREEMPT_DYNAMIC Fri Aug 9 14:06:03 EDT 2024 x86_64 x86_64 x86_64 GNU/Linux - Red Hat Enterprise Linux 9.4 (Plow)
DEBUG 2024-09-17 16:15:04.551 UTC: 	 Executing command: 'submit'
DEBUG 2024-09-17 16:15:04.551 UTC: 	 Found CRAB cache file /afs/cern.ch/user/f/fnenna/.crab3
INFO 2024-09-17 16:15:04.551 UTC: 	 Will use CRAB configuration file crab_DsPhiPi_reco2024_RunD_stream2_cfg.py
DEBUG 2024-09-17 16:15:04.551 UTC: 	 Loading CRAB configuration file.
DEBUG 2024-09-17 16:15:04.723 UTC: 	 Will use CRAB plugin ANALYSIS (i.e. will run an analysis job type).
DEBUG 2024-09-17 16:15:04.740 UTC: 	 Checking credentials
DEBUG 2024-09-17 16:15:04.740 UTC: 	 Found proxy file /tmp/x509up_u160683
DEBUG 2024-09-17 16:15:04.740 UTC: 	 Making sure it has proper VOMS extension
DEBUG 2024-09-17 16:15:04.740 UTC: 	 Executing command :
 voms-proxy-info --vo --file /tmp/x509up_u160683
DEBUG 2024-09-17 16:15:05.096 UTC: 	 output : cms

 error: 
 retcode : 0
DEBUG 2024-09-17 16:15:05.096 UTC: 	 Getting proxy life time left
DEBUG 2024-09-17 16:15:05.096 UTC: 	 Executing command :
 voms-proxy-info --actimeleft --timeleft --file /tmp/x509up_u160683
DEBUG 2024-09-17 16:15:05.458 UTC: 	 output : 691172
691172

 error: 
 retcode : 0
DEBUG 2024-09-17 16:15:05.459 UTC: 	 Proxy valid for 191:59:32 hours
DEBUG 2024-09-17 16:15:05.459 UTC: 	 Encoded data for curl request: subresource=delegatedn
DEBUG 2024-09-17 16:15:06.736 UTC: 	 Registering user credentials on myproxy for /DC=ch/DC=cern/OU=computers/CN=crab-(preprod|prod)-tw(01|02).cern.ch|/DC=ch/DC=cern/OU=computers/CN=crab-dev-tw(01|02|03|04).cern.ch|/DC=ch/DC=cern/OU=Organic Units/OU=Users/CN=cmscrab/CN=(817881|373708)/CN=Robot: cms crab|/DC=ch/DC=cern/OU=Organic Units/OU=Users/CN=crabint1/CN=373708/CN=Robot: CMS CRAB Integration 1
DEBUG 2024-09-17 16:15:06.736 UTC: 	 Executing command :
 voms-proxy-info --identity --file /tmp/x509up_u160683
DEBUG 2024-09-17 16:15:07.119 UTC: 	 output : /DC=ch/DC=cern/OU=Organic Units/OU=Users/CN=fnenna/CN=868185/CN=Felice Nenna

 error: 
 retcode : 0
DEBUG 2024-09-17 16:15:07.119 UTC: 	 Getting myproxy life time left for a133b326f2e83ec4c6fd8cd18786edfdbb69b415
DEBUG 2024-09-17 16:15:07.119 UTC: 	 Executing command :
 myproxy-info -s myproxy.cern.ch -l a133b326f2e83ec4c6fd8cd18786edfdbb69b415
DEBUG 2024-09-17 16:15:07.506 UTC: 	 output : username: a133b326f2e83ec4c6fd8cd18786edfdbb69b415
owner: /DC=ch/DC=cern/OU=Organic Units/OU=Users/CN=fnenna/CN=868185/CN=Felice Nenna
  renewal policy: /DC=ch/DC=cern/OU=computers/CN=crab-(preprod|prod)-tw(01|02).cern.ch|/DC=ch/DC=cern/OU=computers/CN=crab-dev-tw(01|02|03|04).cern.ch|/DC=ch/DC=cern/OU=Organic Units/OU=Users/CN=cmscrab/CN=(817881|373708)/CN=Robot: cms crab|/DC=ch/DC=cern/OU=Organic Units/OU=Users/CN=crabint1/CN=373708/CN=Robot: CMS CRAB Integration 1
  trusted retrieval policy: /DC=ch/DC=cern/OU=computers/CN=crab-(preprod|prod)-tw(01|02).cern.ch|/DC=ch/DC=cern/OU=computers/CN=crab-dev-tw(01|02|03|04).cern.ch|/DC=ch/DC=cern/OU=Organic Units/OU=Users/CN=cmscrab/CN=(817881|373708)/CN=Robot: cms crab|/DC=ch/DC=cern/OU=Organic Units/OU=Users/CN=crabint1/CN=373708/CN=Robot: CMS CRAB Integration 1
  timeleft: 718:59:30  (30.0 days)

 error: 
 retcode : 0
DEBUG 2024-09-17 16:15:07.507 UTC: 	 Myproxy is valid: 2588340
DEBUG 2024-09-17 16:15:07.507 UTC: 	 Result of myproxy credential check:
  Credential exists on myproxy: username: a133b326f2e83ec4c6fd8cd18786edfdbb69b415  - validity: 29 days, 22:59:00
DEBUG 2024-09-17 16:15:07.507 UTC: 	 Command use: submit
DEBUG 2024-09-17 16:15:07.507 UTC: 	 Options use: ['-c', 'crab_DsPhiPi_reco2024_RunD_stream2_cfg.py']
DEBUG 2024-09-17 16:15:07.507 UTC: 	 Encoded data for curl request: subresource=version
DEBUG 2024-09-17 16:15:07.569 UTC: 	 CRABClient version: v3.240621
DEBUG 2024-09-17 16:15:07.569 UTC: 	 Instance is prod
DEBUG 2024-09-17 16:15:07.569 UTC: 	 Server base url is cmsweb.cern.ch
DEBUG 2024-09-17 16:15:07.569 UTC: 	 Command api workflow
DEBUG 2024-09-17 16:15:07.569 UTC: 	 Started submission
DEBUG 2024-09-17 16:15:07.569 UTC: 	 Working on /eos/home-f/fnenna/tau3mu/CMSSW_14_0_12/src/CrabSubmission/Data_2024/SkimPhiPi/reco2024_RunD/crab_projects/crab_SkimDsPhiPi_2024eraD_stream2_Mini_v3
DEBUG 2024-09-17 16:15:07.570 UTC: 	 Encoded data for curl request: subresource=backendurls
DEBUG 2024-09-17 16:15:07.647 UTC: 	 Loading required information from the environment
DEBUG 2024-09-17 16:15:07.647 UTC: 	 Found CMSSW_14_0_12 for el9_amd64_gcc12 with base /eos/home-f/fnenna/tau3mu/CMSSW_14_0_12
DEBUG 2024-09-17 16:15:07.647 UTC: 	 Loading required information from the environment
DEBUG 2024-09-17 16:15:07.647 UTC: 	 Found CMSSW_14_0_12 for el9_amd64_gcc12 with base /eos/home-f/fnenna/tau3mu/CMSSW_14_0_12
DEBUG 2024-09-17 16:15:07.647 UTC: 	 UNIQUE NAME: tarUUID 82894687-b9a5-454f-8dbd-e628be42442c 
DEBUG 2024-09-17 16:15:07.647 UTC: 	 self.config: from WMCore.Configuration import Configuration
config = Configuration()
config.section_('General')
config.General.transferOutputs = True
config.General.requestName = 'SkimDsPhiPi_2024eraD_stream2_Mini_v3'
config.General.transferLogs = False
config.General.workArea = 'crab_projects'
config.section_('JobType')
config.JobType.pluginName = 'Analysis'
config.JobType.allowUndistributedCMSSW = True
config.JobType.psetName = '/eos/home-f/fnenna/tau3mu/CMSSW_14_0_12/src/SkimTools/SkimPhiPi/test/run_Data2024D_DsPhiPiSkimAndTree_cfg.py'
config.section_('Data')
config.Data.splitting = 'LumiBased'
config.Data.inputDataset = '/ParkingDoubleMuonLowMass2/Run2024D-PromptReco-v1/MINIAOD'
config.Data.inputDBS = 'global'
config.Data.unitsPerJob = 50
config.Data.lumiMask = 'https://cms-service-dqmdc.web.cern.ch/CAF/certification/Collisions24/Cert_Collisions2024_eraD_Golden.json'
config.Data.outputDatasetTag = 'SkimDsPhiPi_2024eraD_stream2_Mini_v3'
config.section_('Site')
config.Site.ignoreGlobalBlacklist = True
config.Site.storageSite = 'T2_IT_Bari'
config.section_('User')
config.section_('Debug')

DEBUG 2024-09-17 16:15:07.647 UTC: 	 self.config.JobType.psetName: /eos/home-f/fnenna/tau3mu/CMSSW_14_0_12/src/SkimTools/SkimPhiPi/test/run_Data2024D_DsPhiPiSkimAndTree_cfg.py
INFO 2024-09-17 16:15:07.647 UTC: 	 Importing CMSSW configuration /eos/home-f/fnenna/tau3mu/CMSSW_14_0_12/src/SkimTools/SkimPhiPi/test/run_Data2024D_DsPhiPiSkimAndTree_cfg.py
INFO 2024-09-17 16:15:08.449 UTC: 	 Finished importing CMSSW configuration /eos/home-f/fnenna/tau3mu/CMSSW_14_0_12/src/SkimTools/SkimPhiPi/test/run_Data2024D_DsPhiPiSkimAndTree_cfg.py
DEBUG 2024-09-17 16:15:08.449 UTC: 	 Writing CMSSW configuration to /eos/home-f/fnenna/tau3mu/CMSSW_14_0_12/src/CrabSubmission/Data_2024/SkimPhiPi/reco2024_RunD/crab_projects/crab_SkimDsPhiPi_2024eraD_stream2_Mini_v3/inputs/PSet.py
DEBUG 2024-09-17 16:15:08.525 UTC: 	 The following EDM output files will be collected: []
DEBUG 2024-09-17 16:15:08.525 UTC: 	 The following TFile output files will be collected: ['Tree_PhiPi.root']
DEBUG 2024-09-17 16:15:08.525 UTC: 	 The following user output files (not listed as PoolOuputModule or TFileService in the CMSSW PSet) will be collected: 
DEBUG 2024-09-17 16:15:08.525 UTC: 	 Loading required information from the environment
DEBUG 2024-09-17 16:15:08.525 UTC: 	 Found CMSSW_14_0_12 for el9_amd64_gcc12 with base /eos/home-f/fnenna/tau3mu/CMSSW_14_0_12
DEBUG 2024-09-17 16:15:08.525 UTC: 	 Making tarball in /eos/home-f/fnenna/tau3mu/CMSSW_14_0_12/src/CrabSubmission/Data_2024/SkimPhiPi/reco2024_RunD/crab_projects/crab_SkimDsPhiPi_2024eraD_stream2_Mini_v3/inputs/82894687-b9a5-454f-8dbd-e628be42442cdefault.tgz
DEBUG 2024-09-17 16:15:08.533 UTC: 	 Checking directory /eos/home-f/fnenna/tau3mu/CMSSW_14_0_12/bin
DEBUG 2024-09-17 16:15:08.533 UTC: 	 Adding directory /eos/home-f/fnenna/tau3mu/CMSSW_14_0_12/bin to tarball
DEBUG 2024-09-17 16:15:08.535 UTC: 	 Checking directory /eos/home-f/fnenna/tau3mu/CMSSW_14_0_12/python
DEBUG 2024-09-17 16:15:08.535 UTC: 	 Adding directory /eos/home-f/fnenna/tau3mu/CMSSW_14_0_12/python to tarball
DEBUG 2024-09-17 16:15:08.589 UTC: 	 Checking directory /eos/home-f/fnenna/tau3mu/CMSSW_14_0_12/cfipython
DEBUG 2024-09-17 16:15:08.589 UTC: 	 Adding directory /eos/home-f/fnenna/tau3mu/CMSSW_14_0_12/cfipython to tarball
DEBUG 2024-09-17 16:15:08.601 UTC: 	 Checking directory /eos/home-f/fnenna/tau3mu/CMSSW_14_0_12/lib
DEBUG 2024-09-17 16:15:08.601 UTC: 	 Adding directory /eos/home-f/fnenna/tau3mu/CMSSW_14_0_12/lib to tarball
DEBUG 2024-09-17 16:15:08.682 UTC: 	 Checking directory /eos/home-f/fnenna/tau3mu/CMSSW_14_0_12/biglib
DEBUG 2024-09-17 16:15:08.683 UTC: 	 Adding directory /eos/home-f/fnenna/tau3mu/CMSSW_14_0_12/biglib to tarball
DEBUG 2024-09-17 16:15:08.684 UTC: 	 Checking directory /eos/home-f/fnenna/tau3mu/CMSSW_14_0_12/module
DEBUG 2024-09-17 16:15:08.684 UTC: 	 Checking directory /eos/home-f/fnenna/tau3mu/CMSSW_14_0_12/config/SCRAM/hooks
DEBUG 2024-09-17 16:15:08.684 UTC: 	 Adding directory /eos/home-f/fnenna/tau3mu/CMSSW_14_0_12/config/SCRAM/hooks to tarball
DEBUG 2024-09-17 16:15:08.932 UTC: 	 Adding directory /eos/home-f/fnenna/tau3mu/CMSSW_14_0_12/src/Plugins/MiniAnaTau3Mu/python to tarball
DEBUG 2024-09-17 16:15:08.947 UTC: 	 Adding directory /eos/home-f/fnenna/tau3mu/CMSSW_14_0_12/src/Plugins/PFCandFilter/python to tarball
DEBUG 2024-09-17 16:15:08.953 UTC: 	 Adding directory /eos/home-f/fnenna/tau3mu/CMSSW_14_0_12/src/Plugins/RecoMuonAnalyzer/python to tarball
DEBUG 2024-09-17 16:15:08.964 UTC: 	 Adding directory /eos/home-f/fnenna/tau3mu/CMSSW_14_0_12/src/Plugins/SimpleEventCounter/python to tarball
DEBUG 2024-09-17 16:15:08.977 UTC: 	 Adding directory /eos/home-f/fnenna/tau3mu/CMSSW_14_0_12/src/Plugins/TrackFromCandProducer/python to tarball
DEBUG 2024-09-17 16:15:08.983 UTC: 	 Adding directory /eos/home-f/fnenna/tau3mu/CMSSW_14_0_12/src/SkimTools/SkimPhiMuNu/python to tarball
DEBUG 2024-09-17 16:15:08.988 UTC: 	 Adding directory /eos/home-f/fnenna/tau3mu/CMSSW_14_0_12/src/SkimTools/SkimPhiPi/python to tarball
DEBUG 2024-09-17 16:15:08.994 UTC: 	 Adding directory /eos/home-f/fnenna/tau3mu/CMSSW_14_0_12/src/SkimTools/SkimTau3Mu/python to tarball
DEBUG 2024-09-17 16:15:09.309 UTC: 	 Uploading archive /eos/home-f/fnenna/tau3mu/CMSSW_14_0_12/src/CrabSubmission/Data_2024/SkimPhiPi/reco2024_RunD/crab_projects/crab_SkimDsPhiPi_2024eraD_stream2_Mini_v3/inputs/82894687-b9a5-454f-8dbd-e628be42442cdefault.tgz (430 KB) to the CRAB cache. Using URI https://cmsweb.cern.ch/S3/crabcache_prod
DEBUG 2024-09-17 16:15:09.490 UTC: 	 Encoded data for curl request: subresource=upload&objecttype=sandbox&tarballname=08bb505fc3bdf845b93449356f7f5e6191c46065adf93d9dc1ff824961bc1f8a.tar.gz
DEBUG 2024-09-17 16:15:09.551 UTC: 	 sandbox 08bb505fc3bdf845b93449356f7f5e6191c46065adf93d9dc1ff824961bc1f8a.tar.gz is already in the S3 store, will not upload again
DEBUG 2024-09-17 16:15:09.551 UTC: 	 Loading required information from the environment
DEBUG 2024-09-17 16:15:09.551 UTC: 	 Found CMSSW_14_0_12 for el9_amd64_gcc12 with base /eos/home-f/fnenna/tau3mu/CMSSW_14_0_12
DEBUG 2024-09-17 16:15:09.551 UTC: 	 Making tarball in /eos/home-f/fnenna/tau3mu/CMSSW_14_0_12/src/CrabSubmission/Data_2024/SkimPhiPi/reco2024_RunD/crab_projects/crab_SkimDsPhiPi_2024eraD_stream2_Mini_v3/inputs/debugFiles.tgz
DEBUG 2024-09-17 16:15:09.567 UTC: 	 Uploading archive /eos/home-f/fnenna/tau3mu/CMSSW_14_0_12/src/CrabSubmission/Data_2024/SkimPhiPi/reco2024_RunD/crab_projects/crab_SkimDsPhiPi_2024eraD_stream2_Mini_v3/inputs/debugFiles.tgz (1 KB) to the CRAB cache. Using URI https://cmsweb.cern.ch/S3/crabcache_prod
DEBUG 2024-09-17 16:15:09.577 UTC: 	 Encoded data for curl request: subresource=upload&objecttype=sandbox&tarballname=b8f6108244a491ead413dd373fe30418455ce8e9c3990c7048e6a1bbd706e657.tar.gz
DEBUG 2024-09-17 16:15:09.689 UTC: 	 Will execute:
curl -f -v -X POST  -H "User-Agent: CRAB" -F "key=fnenna/sandboxes/b8f6108244a491ead413dd373fe30418455ce8e9c3990c7048e6a1bbd706e657.tar.gz" -F "AWSAccessKeyId=715203df6482458ba839e73e6dab634b" -F "policy=eyJleHBpcmF0aW9uIjogIjIwMjQtMDktMTdUMTc6MTU6MDlaIiwgImNvbmRpdGlvbnMiOiBbeyJidWNrZXQiOiAiY3JhYmNhY2hlX3Byb2QifSwgeyJrZXkiOiAiZm5lbm5hL3NhbmRib3hlcy9iOGY2MTA4MjQ0YTQ5MWVhZDQxM2RkMzczZmUzMDQxODQ1NWNlOGU5YzM5OTBjNzA0OGU2YTFiYmQ3MDZlNjU3LnRhci5neiJ9XX0=" -F "signature=mcbAcXt4SaatSXQWcvR95mBIyRQ=" -F "file=@/eos/home-f/fnenna/tau3mu/CMSSW_14_0_12/src/CrabSubmission/Data_2024/SkimPhiPi/reco2024_RunD/crab_projects/crab_SkimDsPhiPi_2024eraD_stream2_Mini_v3/inputs/debugFiles.tgz" "https://s3.cern.ch/crabcache_prod"
DEBUG 2024-09-17 16:15:09.773 UTC: 	 exitcode: 0
stdout: b''
DEBUG 2024-09-17 16:15:09.773 UTC: 	 sandbox /eos/home-f/fnenna/tau3mu/CMSSW_14_0_12/src/CrabSubmission/Data_2024/SkimPhiPi/reco2024_RunD/crab_projects/crab_SkimDsPhiPi_2024eraD_stream2_Mini_v3/inputs/debugFiles.tgz successfully uploaded to S3
DEBUG 2024-09-17 16:15:09.773 UTC: 	 Result uploading input files: 08bb505fc3bdf845b93449356f7f5e6191c46065adf93d9dc1ff824961bc1f8a.tar.gz 
DEBUG 2024-09-17 16:15:09.773 UTC: 	 Attaching lumi mask https://cms-service-dqmdc.web.cern.ch/CAF/certification/Collisions24/Cert_Collisions2024_eraD_Golden.json to the request
DEBUG 2024-09-17 16:15:09.774 UTC: 	 Downloading lumi-mask from https://cms-service-dqmdc.web.cern.ch/CAF/certification/Collisions24/Cert_Collisions2024_eraD_Golden.json
WARNING 2024-09-17 16:15:09.817 UTC: 	 Warning: The following output files will not be published, as they are not EDM files: ['Tree_PhiPi.root']
DEBUG 2024-09-17 16:15:09.817 UTC: 	 submit() - self.configuration from WMCore.Configuration import Configuration
config = Configuration()
config.section_('General')
config.General.transferOutputs = True
config.General.requestName = 'SkimDsPhiPi_2024eraD_stream2_Mini_v3'
config.General.transferLogs = False
config.General.workArea = 'crab_projects'
config.section_('JobType')
config.JobType.pluginName = 'Analysis'
config.JobType.allowUndistributedCMSSW = True
config.JobType.psetName = '/eos/home-f/fnenna/tau3mu/CMSSW_14_0_12/src/SkimTools/SkimPhiPi/test/run_Data2024D_DsPhiPiSkimAndTree_cfg.py'
config.section_('Data')
config.Data.splitting = 'LumiBased'
config.Data.inputDataset = '/ParkingDoubleMuonLowMass2/Run2024D-PromptReco-v1/MINIAOD'
config.Data.inputDBS = 'global'
config.Data.unitsPerJob = 50
config.Data.lumiMask = 'https://cms-service-dqmdc.web.cern.ch/CAF/certification/Collisions24/Cert_Collisions2024_eraD_Golden.json'
config.Data.outputDatasetTag = 'SkimDsPhiPi_2024eraD_stream2_Mini_v3'
config.section_('Site')
config.Site.ignoreGlobalBlacklist = True
config.Site.storageSite = 'T2_IT_Bari'
config.section_('User')
config.section_('Debug')

DEBUG 2024-09-17 16:15:09.818 UTC: 	 submit() - self.configreq {'dryrun': 0, 'workflow': 'crab_SkimDsPhiPi_2024eraD_stream2_Mini_v3', 'saveoutput': 1, 'savelogsflag': 0, 'inputdata': '/ParkingDoubleMuonLowMass2/Run2024D-PromptReco-v1/MINIAOD', 'nonvaliddata': 0, 'userfiles': [], 'dbsurl': 'https://cmsweb.cern.ch/dbs/prod/global/DBSReader', 'useparent': 0, 'ignorelocality': 0, 'splitalgo': 'LumiBased', 'algoargs': 50, 'totalunits': 0, 'publication': 1, 'publishdbsurl': 'https://cmsweb.cern.ch/dbs/prod/phys03/DBSWriter', 'publishname2': 'SkimDsPhiPi_2024eraD_stream2_Mini_v3', 'jobtype': 'Analysis', 'generator': 'pythia', 'addoutputfiles': [], 'maxjobruntime': 1250, 'numcores': 1, 'maxmemory': 2000, 'priority': 10, 'nonprodsw': 1, 'asyncdest': 'T2_IT_Bari', 'requireaccelerator': 0, 'oneEventMode': 0, 'extrajdl': [], 'ignoreglobalblacklist': 1, 'partialdataset': 0, 'inputblocks': []}
DEBUG 2024-09-17 16:15:09.818 UTC: 	 submit() - jobconfig {'addoutputfiles': [], 'tfileoutfiles': ['Tree_PhiPi.root'], 'edmoutfiles': [], 'jobarch': 'el9_amd64_gcc12', 'jobsw': 'CMSSW_14_0_12', 'inputdata': '/ParkingDoubleMuonLowMass2/Run2024D-PromptReco-v1/MINIAOD', 'cacheurl': 'https://cmsweb.cern.ch/S3/crabcache_prod', 'cachefilename': '08bb505fc3bdf845b93449356f7f5e6191c46065adf93d9dc1ff824961bc1f8a.tar.gz', 'debugfilename': 'b8f6108244a491ead413dd373fe30418455ce8e9c3990c7048e6a1bbd706e657.tar.gz', 'runs': ['380306', '380308', '380309', '380310', '380346', '380348', '380349', '380360', '380377', '380384', '380385', '380399', '380403', '380444', '380446', '380447', '380466', '380470', '380481', '380513', '380517', '380531', '380534', '380537', '380538', '380564', '380567', '380623', '380624', '380625', '380626', '380627', '380647', '380649', '380933', '380945', '380947'], 'lumis': ['28,273', '1,35', '1,351', '1,1131', '34,334,342,606', '1,341', '1,695', '32,147,149,954,967,1972', '36,455', '48,798', '1,1247', '38,531', '9,259', '4,328', '1,321,327,1033', '1,810', '37,400,416,555', '1,1634', '25,884', '5,1162', '1,39', '28,355,362,913,919,1062', '1,746', '1,58', '1,144', '38,779', '1,1081', '30,417', '1,809', '1,7', '1,9,13,17', '1,808', '35,409', '1,401', '1,625,642,789', '1,245', '1,823'], 'jobtype': 'Analysis'}
INFO 2024-09-17 16:15:09.818 UTC: 	 Sending the request to the server at cmsweb.cern.ch
DEBUG 2024-09-17 16:15:09.818 UTC: 	 Submitting {'dryrun': 0, 'workflow': 'crab_SkimDsPhiPi_2024eraD_stream2_Mini_v3', 'saveoutput': 1, 'savelogsflag': 0, 'inputdata': '/ParkingDoubleMuonLowMass2/Run2024D-PromptReco-v1/MINIAOD', 'nonvaliddata': 0, 'userfiles': [], 'dbsurl': 'https://cmsweb.cern.ch/dbs/prod/global/DBSReader', 'useparent': 0, 'ignorelocality': 0, 'splitalgo': 'LumiBased', 'algoargs': 50, 'totalunits': 0, 'publication': 1, 'publishdbsurl': 'https://cmsweb.cern.ch/dbs/prod/phys03/DBSWriter', 'publishname2': 'SkimDsPhiPi_2024eraD_stream2_Mini_v3', 'jobtype': 'Analysis', 'generator': 'pythia', 'addoutputfiles': [], 'maxjobruntime': 1250, 'numcores': 1, 'maxmemory': 2000, 'priority': 10, 'nonprodsw': 1, 'asyncdest': 'T2_IT_Bari', 'requireaccelerator': 0, 'oneEventMode': 0, 'extrajdl': [], 'ignoreglobalblacklist': 1, 'partialdataset': 0, 'inputblocks': [], 'tfileoutfiles': ['Tree_PhiPi.root'], 'edmoutfiles': [], 'jobarch': 'el9_amd64_gcc12', 'jobsw': 'CMSSW_14_0_12', 'cacheurl': 'https://cmsweb.cern.ch/S3/crabcache_prod', 'cachefilename': '08bb505fc3bdf845b93449356f7f5e6191c46065adf93d9dc1ff824961bc1f8a.tar.gz', 'debugfilename': 'b8f6108244a491ead413dd373fe30418455ce8e9c3990c7048e6a1bbd706e657.tar.gz', 'runs': ['380306', '380308', '380309', '380310', '380346', '380348', '380349', '380360', '380377', '380384', '380385', '380399', '380403', '380444', '380446', '380447', '380466', '380470', '380481', '380513', '380517', '380531', '380534', '380537', '380538', '380564', '380567', '380623', '380624', '380625', '380626', '380627', '380647', '380649', '380933', '380945', '380947'], 'lumis': ['28,273', '1,35', '1,351', '1,1131', '34,334,342,606', '1,341', '1,695', '32,147,149,954,967,1972', '36,455', '48,798', '1,1247', '38,531', '9,259', '4,328', '1,321,327,1033', '1,810', '37,400,416,555', '1,1634', '25,884', '5,1162', '1,39', '28,355,362,913,919,1062', '1,746', '1,58', '1,144', '38,779', '1,1081', '30,417', '1,809', '1,7', '1,9,13,17', '1,808', '35,409', '1,401', '1,625,642,789', '1,245', '1,823']} 
DEBUG 2024-09-17 16:15:09.818 UTC: 	 Encoded data for curl request: dryrun=0&workflow=crab_SkimDsPhiPi_2024eraD_stream2_Mini_v3&saveoutput=1&savelogsflag=0&inputdata=%2FParkingDoubleMuonLowMass2%2FRun2024D-PromptReco-v1%2FMINIAOD&nonvaliddata=0&dbsurl=https%3A%2F%2Fcmsweb.cern.ch%2Fdbs%2Fprod%2Fglobal%2FDBSReader&useparent=0&ignorelocality=0&splitalgo=LumiBased&algoargs=50&totalunits=0&publication=1&publishdbsurl=https%3A%2F%2Fcmsweb.cern.ch%2Fdbs%2Fprod%2Fphys03%2FDBSWriter&publishname2=SkimDsPhiPi_2024eraD_stream2_Mini_v3&jobtype=Analysis&generator=pythia&maxjobruntime=1250&numcores=1&maxmemory=2000&priority=10&nonprodsw=1&asyncdest=T2_IT_Bari&requireaccelerator=0&oneEventMode=0&ignoreglobalblacklist=1&partialdataset=0&jobarch=el9_amd64_gcc12&jobsw=CMSSW_14_0_12&cacheurl=https%3A%2F%2Fcmsweb.cern.ch%2FS3%2Fcrabcache_prod&cachefilename=08bb505fc3bdf845b93449356f7f5e6191c46065adf93d9dc1ff824961bc1f8a.tar.gz&debugfilename=b8f6108244a491ead413dd373fe30418455ce8e9c3990c7048e6a1bbd706e657.tar.gz&tfileoutfiles=Tree_PhiPi.root&runs=380306&runs=380308&runs=380309&runs=380310&runs=380346&runs=380348&runs=380349&runs=380360&runs=380377&runs=380384&runs=380385&runs=380399&runs=380403&runs=380444&runs=380446&runs=380447&runs=380466&runs=380470&runs=380481&runs=380513&runs=380517&runs=380531&runs=380534&runs=380537&runs=380538&runs=380564&runs=380567&runs=380623&runs=380624&runs=380625&runs=380626&runs=380627&runs=380647&runs=380649&runs=380933&runs=380945&runs=380947&lumis=28%2C273&lumis=1%2C35&lumis=1%2C351&lumis=1%2C1131&lumis=34%2C334%2C342%2C606&lumis=1%2C341&lumis=1%2C695&lumis=32%2C147%2C149%2C954%2C967%2C1972&lumis=36%2C455&lumis=48%2C798&lumis=1%2C1247&lumis=38%2C531&lumis=9%2C259&lumis=4%2C328&lumis=1%2C321%2C327%2C1033&lumis=1%2C810&lumis=37%2C400%2C416%2C555&lumis=1%2C1634&lumis=25%2C884&lumis=5%2C1162&lumis=1%2C39&lumis=28%2C355%2C362%2C913%2C919%2C1062&lumis=1%2C746&lumis=1%2C58&lumis=1%2C144&lumis=38%2C779&lumis=1%2C1081&lumis=30%2C417&lumis=1%2C809&lumis=1%2C7&lumis=1%2C9%2C13%2C17&lumis=1%2C808&lumis=35%2C409&lumis=1%2C401&lumis=1%2C625%2C642%2C789&lumis=1%2C245&lumis=1%2C823
DEBUG 2024-09-17 16:15:09.918 UTC: 	 Result: {'result': [{'RequestName': '240917_161509:fnenna_crab_SkimDsPhiPi_2024eraD_stream2_Mini_v3'}]}
INFO 2024-09-17 16:15:09.933 UTC: 	 Success: Your task has been delivered to the prod CRAB3 server.
INFO 2024-09-17 16:15:09.933 UTC: 	 Task name: 240917_161509:fnenna_crab_SkimDsPhiPi_2024eraD_stream2_Mini_v3
INFO 2024-09-17 16:15:09.933 UTC: 	 Project dir: crab_projects/crab_SkimDsPhiPi_2024eraD_stream2_Mini_v3
INFO 2024-09-17 16:15:09.933 UTC: 	 Please use ' crab status -d crab_projects/crab_SkimDsPhiPi_2024eraD_stream2_Mini_v3 ' to check how the submission process proceeds.
DEBUG 2024-09-17 16:15:09.933 UTC: 	 About to return
INFO 2024-09-17 16:15:09.954 UTC: 	 Log file is /eos/home-f/fnenna/tau3mu/CMSSW_14_0_12/src/CrabSubmission/Data_2024/SkimPhiPi/reco2024_RunD/crab_projects/crab_SkimDsPhiPi_2024eraD_stream2_Mini_v3/crab.log
